<?xml version="1.0" encoding="UTF-8"?>
<!-- Generated by org.testng.reporters.JUnitXMLReporter -->
<testsuite ignored="2" hostname="DESKTOP-H5TQTBC" failures="1" tests="2" name="ebay search with include and exclude methods" time="19.348" errors="0" timestamp="2021-10-26T21:17:15 IST">
  <testcase classname="com.programs.test.EbaySearch" name="ProductSearch_SoftAssert" time="6.755"/>
  <testcase classname="com.programs.test.EbayAdvancedSearch" name="checkAscendingOrderSort" time="1.378">
    <failure type="java.lang.AssertionError" message="Verify Categories are sorted expected [true] but found [false]">
      <![CDATA[java.lang.AssertionError: Verify Categories are sorted expected [true] but found [false]
at com.programs.test.EbayAdvancedSearch.checkAscendingOrderSort(EbayAdvancedSearch.java:98)
at java.base/java.util.ArrayList.forEach(ArrayList.java:1511)
... Removed 30 stack frames]]>
    </failure>
  </testcase> <!-- checkAscendingOrderSort -->
  <testcase classname="com.programs.test.EbaySearch" name="EmptySearch" time="0.0">
    <ignored/>
  </testcase> <!-- EmptySearch -->
  <testcase classname="com.programs.test.EbayAdvancedSearch" name="EmptyAdvancedSearch" time="0.0">
    <ignored/>
  </testcase> <!-- EmptyAdvancedSearch -->
</testsuite> <!-- ebay search with include and exclude methods -->
