<?xml version="1.0" encoding="UTF-8"?>
<!-- Generated by org.testng.reporters.JUnitXMLReporter -->
<testsuite ignored="0" hostname="DESKTOP-H5TQTBC" failures="0" tests="5" name="ebay search" time="50.391" errors="0" timestamp="2021-11-29T21:08:39 IST">
  <testcase classname="com.programs.test.EbaySearch" name="EmptySearch" time="7.94"/>
  <testcase classname="com.programs.test.EbaySearch" name="ProductSearch_SoftAssert" time="9.526"/>
  <testcase classname="com.programs.test.EbayAdvancedSearch" name="EmptyAdvancedSearch" time="6.579"/>
  <testcase classname="com.programs.test.EbayAdvancedSearch" name="ebayLogoNavigationToHomePage" time="3.024"/>
  <testcase classname="com.programs.test.EbayAdvancedSearch" name="checkAscendingOrderSort" time="2.078"/>
</testsuite> <!-- ebay search -->
