<?xml version="1.0" encoding="UTF-8"?>
<!-- Generated by org.testng.reporters.JUnitXMLReporter -->
<testsuite ignored="2" hostname="DESKTOP-H5TQTBC" failures="0" tests="2" name="Test ebay search with include and exclude methods" time="27.459" errors="0" timestamp="2021-10-27T12:33:21 IST">
  <testcase classname="com.programs.test.EbaySearch" name="ProductSearch_SoftAssert" time="6.667"/>
  <testcase classname="com.programs.test.EbayAdvancedSearch" name="EmptyAdvancedSearch" time="5.66"/>
  <testcase classname="com.programs.test.EbayAdvancedSearch" name="checkAscendingOrderSort" time="0.0">
    <ignored/>
  </testcase> <!-- checkAscendingOrderSort -->
  <testcase classname="com.programs.test.EbaySearch" name="EmptySearch" time="0.0">
    <ignored/>
  </testcase> <!-- EmptySearch -->
</testsuite> <!-- Test ebay search with include and exclude methods -->
