<?xml version="1.0" encoding="UTF-8"?>
<!-- Generated by org.testng.reporters.JUnitXMLReporter -->
<testsuite ignored="0" hostname="DESKTOP-H5TQTBC" failures="0" tests="3" name="Default test" time="16.087" errors="0" timestamp="2021-11-09T19:39:57 IST">
  <testcase classname="com.programs.test.EbayAdvancedSearch" name="EmptyAdvancedSearch" time="7.372"/>
  <testcase classname="com.programs.test.EbayAdvancedSearch" name="ebayLogoNavigationToHomePage" time="1.866"/>
  <testcase classname="com.programs.test.EbayAdvancedSearch" name="checkAscendingOrderSort" time="1.199"/>
</testsuite> <!-- Default test -->
