<?xml version="1.0" encoding="UTF-8"?>
<testng-results ignored="0" total="3" passed="3" failed="0" skipped="0">
  <reporter-output>
  </reporter-output>
  <suite started-at="2021-11-09T19:39:41 IST" name="Default suite" finished-at="2021-11-09T19:39:57 IST" duration-ms="16087">
    <groups>
    </groups>
    <test started-at="2021-11-09T19:39:41 IST" name="Default test" finished-at="2021-11-09T19:39:57 IST" duration-ms="16087">
      <class name="com.programs.test.EbayAdvancedSearch">
        <test-method is-config="true" signature="setUp()[pri:0, instance:com.programs.test.EbayAdvancedSearch@7fee8714]" started-at="2021-11-09T19:39:41 IST" name="setUp" finished-at="2021-11-09T19:39:43 IST" duration-ms="1470" status="PASS">
          <reporter-output>
          </reporter-output>
        </test-method> <!-- setUp -->
        <test-method signature="EmptyAdvancedSearch()[pri:1, instance:com.programs.test.EbayAdvancedSearch@7fee8714]" started-at="2021-11-09T19:39:43 IST" name="EmptyAdvancedSearch" finished-at="2021-11-09T19:39:50 IST" duration-ms="7372" status="PASS">
          <reporter-output>
          </reporter-output>
        </test-method> <!-- EmptyAdvancedSearch -->
        <test-method signature="ebayLogoNavigationToHomePage()[pri:2, instance:com.programs.test.EbayAdvancedSearch@7fee8714]" started-at="2021-11-09T19:39:50 IST" name="ebayLogoNavigationToHomePage" finished-at="2021-11-09T19:39:52 IST" duration-ms="1866" status="PASS">
          <reporter-output>
          </reporter-output>
        </test-method> <!-- ebayLogoNavigationToHomePage -->
        <test-method signature="checkAscendingOrderSort()[pri:3, instance:com.programs.test.EbayAdvancedSearch@7fee8714]" started-at="2021-11-09T19:39:52 IST" name="checkAscendingOrderSort" finished-at="2021-11-09T19:39:53 IST" duration-ms="1199" status="PASS">
          <reporter-output>
          </reporter-output>
        </test-method> <!-- checkAscendingOrderSort -->
        <test-method is-config="true" signature="tearDown()[pri:0, instance:com.programs.test.EbayAdvancedSearch@7fee8714]" started-at="2021-11-09T19:39:53 IST" name="tearDown" finished-at="2021-11-09T19:39:57 IST" duration-ms="4148" status="PASS">
          <reporter-output>
          </reporter-output>
        </test-method> <!-- tearDown -->
      </class> <!-- com.programs.test.EbayAdvancedSearch -->
    </test> <!-- Default test -->
  </suite> <!-- Default suite -->
</testng-results>
