<?xml version="1.0" encoding="UTF-8"?>
<!-- Generated by org.testng.reporters.JUnitXMLReporter -->
<testsuite ignored="0" hostname="DESKTOP-H5TQTBC" failures="0" tests="5" name="TestDemo1" time="0.054" errors="0" timestamp="2021-10-27T21:01:14 IST">
  <testcase classname="com.programs.test.DemoTest" name="test1" time="0.004"/>
  <testcase classname="com.programs.test.DemoTest" name="test2" time="0.001"/>
  <testcase classname="com.programs.test.DemoTest" name="test3" time="0.001"/>
  <testcase classname="com.programs.test.DemoTest" name="test4" time="0.001"/>
  <testcase classname="com.programs.test.DemoTest" name="test5" time="0.002"/>
</testsuite> <!-- TestDemo1 -->
